Determining if the pthread_create exist failed with the following output:
Change Dir: /home/pharos-main/i30_ws/src/pharos/pharos_speed_planner/cmake-build-debug/CMakeFiles/CMakeTmp

Run Build Command:"/usr/bin/make" "cmTC_d47e0/fast"
/usr/bin/make -f CMakeFiles/cmTC_d47e0.dir/build.make CMakeFiles/cmTC_d47e0.dir/build
make[1]: Entering directory '/home/pharos-main/i30_ws/src/pharos/pharos_speed_planner/cmake-build-debug/CMakeFiles/CMakeTmp'
Building C object CMakeFiles/cmTC_d47e0.dir/CheckSymbolExists.c.o
/usr/bin/cc    -o CMakeFiles/cmTC_d47e0.dir/CheckSymbolExists.c.o   -c /home/pharos-main/i30_ws/src/pharos/pharos_speed_planner/cmake-build-debug/CMakeFiles/CMakeTmp/CheckSymbolExists.c
Linking C executable cmTC_d47e0
/home/pharos-main/clion-2018.3.2/bin/cmake/linux/bin/cmake -E cmake_link_script CMakeFiles/cmTC_d47e0.dir/link.txt --verbose=1
/usr/bin/cc      -rdynamic CMakeFiles/cmTC_d47e0.dir/CheckSymbolExists.c.o  -o cmTC_d47e0 
CMakeFiles/cmTC_d47e0.dir/CheckSymbolExists.c.o: In function `main':
CheckSymbolExists.c:(.text+0x16): undefined reference to `pthread_create'
collect2: error: ld returned 1 exit status
CMakeFiles/cmTC_d47e0.dir/build.make:86: recipe for target 'cmTC_d47e0' failed
make[1]: *** [cmTC_d47e0] Error 1
make[1]: Leaving directory '/home/pharos-main/i30_ws/src/pharos/pharos_speed_planner/cmake-build-debug/CMakeFiles/CMakeTmp'
Makefile:121: recipe for target 'cmTC_d47e0/fast' failed
make: *** [cmTC_d47e0/fast] Error 2

File /home/pharos-main/i30_ws/src/pharos/pharos_speed_planner/cmake-build-debug/CMakeFiles/CMakeTmp/CheckSymbolExists.c:
/* */
#include <pthread.h>

int main(int argc, char** argv)
{
  (void)argv;
#ifndef pthread_create
  return ((int*)(&pthread_create))[argc];
#else
  (void)argc;
  return 0;
#endif
}

Determining if the function pthread_create exists in the pthreads failed with the following output:
Change Dir: /home/pharos-main/i30_ws/src/pharos/pharos_speed_planner/cmake-build-debug/CMakeFiles/CMakeTmp

Run Build Command:"/usr/bin/make" "cmTC_a3726/fast"
/usr/bin/make -f CMakeFiles/cmTC_a3726.dir/build.make CMakeFiles/cmTC_a3726.dir/build
make[1]: Entering directory '/home/pharos-main/i30_ws/src/pharos/pharos_speed_planner/cmake-build-debug/CMakeFiles/CMakeTmp'
Building C object CMakeFiles/cmTC_a3726.dir/CheckFunctionExists.c.o
/usr/bin/cc   -DCHECK_FUNCTION_EXISTS=pthread_create   -o CMakeFiles/cmTC_a3726.dir/CheckFunctionExists.c.o   -c /home/pharos-main/clion-2018.3.2/bin/cmake/linux/share/cmake-3.13/Modules/CheckFunctionExists.c
Linking C executable cmTC_a3726
/home/pharos-main/clion-2018.3.2/bin/cmake/linux/bin/cmake -E cmake_link_script CMakeFiles/cmTC_a3726.dir/link.txt --verbose=1
/usr/bin/cc  -DCHECK_FUNCTION_EXISTS=pthread_create    -rdynamic CMakeFiles/cmTC_a3726.dir/CheckFunctionExists.c.o  -o cmTC_a3726 -lpthreads 
/usr/bin/ld: cannot find -lpthreads
collect2: error: ld returned 1 exit status
CMakeFiles/cmTC_a3726.dir/build.make:86: recipe for target 'cmTC_a3726' failed
make[1]: *** [cmTC_a3726] Error 1
make[1]: Leaving directory '/home/pharos-main/i30_ws/src/pharos/pharos_speed_planner/cmake-build-debug/CMakeFiles/CMakeTmp'
Makefile:121: recipe for target 'cmTC_a3726/fast' failed
make: *** [cmTC_a3726/fast] Error 2


